------------------------------------------------------------------------------------------------------------------------------------------------------------
      name:  <unnamed>
       log:  L:\ECOps6.log
  log type:  text
 opened on:   2 May 2018, 05:39:06

. 
. *Question 2
. bcuse intdef, clear

Contains data from http://fmwww.bc.edu/ec-p/data/wooldridge/intdef.dta
  obs:            56                          
 vars:            13                          25 Jul 2005 15:25
 size:         2,632                          
------------------------------------------------------------------------------------------------------------------------------------------------------------
              storage   display    value
variable name   type    format     label      variable label
------------------------------------------------------------------------------------------------------------------------------------------------------------
year            int     %9.0g                 1948 to 2003
i3              float   %9.0g                 3 month T-bill rate
inf             float   %9.0g                 CPI inflation rate
rec             float   %9.0g                 federal receipts, % GDP
out             float   %9.0g                 federal outlays, % GDP
def             float   %9.0g                 out - rec
i3_1            float   %9.0g                 i3[_n-1]
inf_1           float   %9.0g                 inf[_n-1]
def_1           float   %9.0g                 def[_n-1]
ci3             float   %9.0g                 i3 - i3_1
cinf            float   %9.0g                 inf - inf_1
cdef            float   %9.0g                 def - def_1
y77             byte    %9.0g                 =1 if year >= 1977; change in FY
------------------------------------------------------------------------------------------------------------------------------------------------------------
Sorted by: 

. gen post1975 = (year>1975)

. reg i3 inf def post1975

      Source |       SS           df       MS      Number of obs   =        56
-------------+----------------------------------   F(3, 52)        =     31.15
       Model |  290.723723         3  96.9079076   Prob > F        =    0.0000
    Residual |   161.75089        52  3.11059403   R-squared       =    0.6425
-------------+----------------------------------   Adj R-squared   =    0.6219
       Total |  452.474612        55  8.22681113   Root MSE        =    1.7637

------------------------------------------------------------------------------
          i3 |      Coef.   Std. Err.      t    P>|t|     [95% Conf. Interval]
-------------+----------------------------------------------------------------
         inf |   .5683916   .0800972     7.10   0.000     .4076648    .7291183
         def |    .363316   .1290073     2.82   0.007     .1044439     .622188
    post1975 |   1.333382   .5496809     2.43   0.019     .2303669    2.436398
       _cons |   1.451977   .4292989     3.38   0.001     .5905254    2.313428
------------------------------------------------------------------------------

. 
. *Question 3
. bcuse consump, clear

Contains data from http://fmwww.bc.edu/ec-p/data/wooldridge/consump.dta
  obs:            37                          
 vars:            24                          20 May 2002 22:37
 size:         3,478                          
------------------------------------------------------------------------------------------------------------------------------------------------------------
              storage   display    value
variable name   type    format     label      variable label
------------------------------------------------------------------------------------------------------------------------------------------------------------
year            int     %9.0g                 1959-1995
i3              float   %9.0g                 3 mo. T-bill rate
inf             float   %9.0g                 inflation rate; CPI
rdisp           float   %9.0g                 disp. inc., 1992 $, bils.
rnondc          float   %9.0g                 nondur. cons., 1992 $, bils.
rserv           float   %9.0g                 services, 1992 $, bils.
pop             float   %9.0g                 population, 1000s
y               float   %9.0g                 per capita real disp. inc.
rcons           float   %9.0g                 rnondc + rserv
c               float   %9.0g                 per capita real cons.
r3              float   %9.0g                 i3 - inf; real ex post int.
lc              float   %9.0g                 log(c)
ly              float   %9.0g                 log(y)
gc              float   %9.0g                 lc - lc[_n-1]
gy              float   %9.0g                 ly - ly[_n-1]
gc_1            float   %9.0g                 gc[_n-1]
gy_1            float   %9.0g                 gy[_n-1]
r3_1            float   %9.0g                 r3[_n-1]
lc_ly           float   %9.0g                 lc - ly
lc_ly_1         float   %9.0g                 lc_ly[_n-1]
gc_2            float   %9.0g                 gc[_n-2]
gy_2            float   %9.0g                 gy[_n-2]
r3_2            float   %9.0g                 r3[_n-2]
lc_ly_2         float   %9.0g                 lc_ly[_n-2]
------------------------------------------------------------------------------------------------------------------------------------------------------------
Sorted by: 

. reg gc gy

      Source |       SS           df       MS      Number of obs   =        36
-------------+----------------------------------   F(1, 34)        =     71.81
       Model |  .003793621         1  .003793621   Prob > F        =    0.0000
    Residual |  .001796085        34  .000052826   R-squared       =    0.6787
-------------+----------------------------------   Adj R-squared   =    0.6692
       Total |  .005589707        35  .000159706   Root MSE        =    .00727

------------------------------------------------------------------------------
          gc |      Coef.   Std. Err.      t    P>|t|     [95% Conf. Interval]
-------------+----------------------------------------------------------------
          gy |    .570781   .0673545     8.47   0.000     .4339002    .7076617
       _cons |   .0080791   .0018991     4.25   0.000     .0042197    .0119386
------------------------------------------------------------------------------

. reg gc gy gy_1

      Source |       SS           df       MS      Number of obs   =        35
-------------+----------------------------------   F(2, 32)        =     36.51
       Model |  .003855816         2  .001927908   Prob > F        =    0.0000
    Residual |  .001689786        32  .000052806   R-squared       =    0.6953
-------------+----------------------------------   Adj R-squared   =    0.6762
       Total |  .005545602        34  .000163106   Root MSE        =    .00727

------------------------------------------------------------------------------
          gc |      Coef.   Std. Err.      t    P>|t|     [95% Conf. Interval]
-------------+----------------------------------------------------------------
          gy |   .5522506   .0696508     7.93   0.000     .4103767    .6941246
        gy_1 |   .0962131   .0690193     1.39   0.173    -.0443745    .2368007
       _cons |   .0063567   .0022616     2.81   0.008     .0017499    .0109634
------------------------------------------------------------------------------

. reg gc gy r3

      Source |       SS           df       MS      Number of obs   =        36
-------------+----------------------------------   F(2, 33)        =     35.03
       Model |  .003799996         2  .001899998   Prob > F        =    0.0000
    Residual |  .001789711        33  .000054234   R-squared       =    0.6798
-------------+----------------------------------   Adj R-squared   =    0.6604
       Total |  .005589707        35  .000159706   Root MSE        =    .00736

------------------------------------------------------------------------------
          gc |      Coef.   Std. Err.      t    P>|t|     [95% Conf. Interval]
-------------+----------------------------------------------------------------
          gy |   .5781105   .0715164     8.08   0.000     .4326093    .7236117
          r3 |  -.0002148   .0006265    -0.34   0.734    -.0014895    .0010599
       _cons |   .0082181   .0019665     4.18   0.000     .0042173     .012219
------------------------------------------------------------------------------

. 
. *Question 4
. bcuse volat, clear

Contains data from http://fmwww.bc.edu/ec-p/data/wooldridge/volat.dta
  obs:           558                          
 vars:            18                          7 Apr 2008 20:22
 size:        40,176                          
------------------------------------------------------------------------------------------------------------------------------------------------------------
              storage   display    value
variable name   type    format     label      variable label
------------------------------------------------------------------------------------------------------------------------------------------------------------
date            float   %9.0g                 
sp500           float   %9.0g                 
divyld          float   %9.0g                 
i3              float   %9.0g                 
ip              float   %9.0g                 
pcsp            float   %9.0g                 
rsp500          float   %9.0g                 
pcip            float   %9.0g                 
ci3             float   %9.0g                 
ci3_1           float   %9.0g                 
ci3_2           float   %9.0g                 
pcip_1          float   %9.0g                 
pcip_2          float   %9.0g                 
pcip_3          float   %9.0g                 
pcsp_1          float   %9.0g                 
pcsp_2          float   %9.0g                 
pcsp_3          float   %9.0g                 
ym              float   %tm                   
------------------------------------------------------------------------------------------------------------------------------------------------------------
Sorted by: ym

. reg rsp500 pcip i3

      Source |       SS           df       MS      Number of obs   =       557
-------------+----------------------------------   F(2, 554)       =      3.33
       Model |  10737.4637         2  5368.73186   Prob > F        =    0.0364
    Residual |   892163.22       554  1610.40292   R-squared       =    0.0119
-------------+----------------------------------   Adj R-squared   =    0.0083
       Total |  902900.684       556  1623.92209   Root MSE        =     40.13

------------------------------------------------------------------------------
      rsp500 |      Coef.   Std. Err.      t    P>|t|     [95% Conf. Interval]
-------------+----------------------------------------------------------------
        pcip |   .0364168   .1293963     0.28   0.778    -.2177507    .2905842
          i3 |  -1.361689   .5407243    -2.52   0.012    -2.423809    -.299568
       _cons |   18.84306    3.27488     5.75   0.000     12.41036    25.27576
------------------------------------------------------------------------------

. 
. *Question 5
. bcuse traffic2, clear

Contains data from http://fmwww.bc.edu/ec-p/data/wooldridge/traffic2.dta
  obs:           108                          
 vars:            49                          7 Apr 2008 20:26
 size:        21,168                          
------------------------------------------------------------------------------------------------------------------------------------------------------------
              storage   display    value
variable name   type    format     label      variable label
------------------------------------------------------------------------------------------------------------------------------------------------------------
year            float   %9.0g                 
totacc          float   %9.0g                 
fatacc          float   %9.0g                 
injacc          float   %9.0g                 
pdoacc          float   %9.0g                 
ntotacc         float   %9.0g                 
nfatacc         float   %9.0g                 
ninjacc         float   %9.0g                 
npdoacc         float   %9.0g                 
rtotacc         float   %9.0g                 
rfatacc         float   %9.0g                 
rinjacc         float   %9.0g                 
rpdoacc         float   %9.0g                 
ushigh          float   %9.0g                 
cntyrds         float   %9.0g                 
strtes          float   %9.0g                 
t               float   %9.0g                 
tsq             float   %9.0g                 
unem            float   %9.0g                 
spdlaw          float   %9.0g                 
beltlaw         float   %9.0g                 
wkends          float   %9.0g                 
feb             float   %9.0g                 
mar             float   %9.0g                 
apr             float   %9.0g                 
may             float   %9.0g                 
jun             float   %9.0g                 
jul             float   %9.0g                 
aug             float   %9.0g                 
sep             float   %9.0g                 
oct             float   %9.0g                 
nov             float   %9.0g                 
dec             float   %9.0g                 
ltotacc         float   %9.0g                 
lfatacc         float   %9.0g                 
prcfat          float   %9.0g                 
prcrfat         float   %9.0g                 
lrtotacc        float   %9.0g                 
lrfatacc        float   %9.0g                 
lntotacc        float   %9.0g                 
lnfatacc        float   %9.0g                 
prcnfat         float   %9.0g                 
lushigh         float   %9.0g                 
lcntyrds        float   %9.0g                 
lstrtes         float   %9.0g                 
spdt            float   %9.0g                 
beltt           float   %9.0g                 
prcfat_1        float   %9.0g                 
ym              float   %tm                   
------------------------------------------------------------------------------------------------------------------------------------------------------------
Sorted by: ym

. reg ltotacc t feb mar apr may jun jul aug sep oct nov dec

      Source |       SS           df       MS      Number of obs   =       108
-------------+----------------------------------   F(12, 95)       =     31.06
       Model |  1.00244222        12  .083536851   Prob > F        =    0.0000
    Residual |  .255498294        95  .002689456   R-squared       =    0.7969
-------------+----------------------------------   Adj R-squared   =    0.7712
       Total |  1.25794051       107  .011756453   Root MSE        =    .05186

------------------------------------------------------------------------------
     ltotacc |      Coef.   Std. Err.      t    P>|t|     [95% Conf. Interval]
-------------+----------------------------------------------------------------
           t |   .0027471   .0001611    17.06   0.000     .0024274    .0030669
         feb |   -.042684   .0244476    -1.75   0.084    -.0912186    .0058505
         mar |   .0798279   .0244491     3.27   0.002     .0312902    .1283656
         apr |   .0184875   .0244518     0.76   0.451    -.0300555    .0670304
         may |   .0320994   .0244555     1.31   0.192    -.0164509    .0806497
         jun |   .0201944   .0244603     0.83   0.411    -.0283653    .0687542
         jul |    .037584   .0244661     1.54   0.128    -.0109874    .0861553
         aug |   .0539858    .024473     2.21   0.030     .0054007    .1025708
         sep |    .042362    .024481     1.73   0.087    -.0062389    .0909628
         oct |   .0821147     .02449     3.35   0.001      .033496    .1307334
         nov |     .07128      .0245     2.91   0.005     .0226413    .1199187
         dec |   .0961584   .0245111     3.92   0.000     .0474976    .1448191
       _cons |   10.46856   .0190029   550.89   0.000     10.43084    10.50629
------------------------------------------------------------------------------

. reg ltotacc t feb mar apr may jun jul aug sep oct nov dec wkends unem spdlaw beltlaw

      Source |       SS           df       MS      Number of obs   =       108
-------------+----------------------------------   F(16, 91)       =     57.61
       Model |  1.14491043        16  .071556902   Prob > F        =    0.0000
    Residual |  .113030083        91  .001242089   R-squared       =    0.9101
-------------+----------------------------------   Adj R-squared   =    0.8943
       Total |  1.25794051       107  .011756453   Root MSE        =    .03524

------------------------------------------------------------------------------
     ltotacc |      Coef.   Std. Err.      t    P>|t|     [95% Conf. Interval]
-------------+----------------------------------------------------------------
           t |   .0011011   .0002579     4.27   0.000     .0005889    .0016133
         feb |  -.0338326   .0177684    -1.90   0.060    -.0691274    .0014621
         mar |   .0769563   .0167942     4.58   0.000     .0435967    .1103159
         apr |   .0104586    .017047     0.61   0.541    -.0234032    .0443204
         may |   .0237085    .016939     1.40   0.165    -.0099388    .0573558
         jun |   .0219357   .0172151     1.27   0.206    -.0122599    .0561313
         jul |   .0499305   .0167037     2.99   0.004     .0167506    .0831104
         aug |   .0559552   .0168174     3.33   0.001     .0225494     .089361
         sep |     .04207    .017282     2.43   0.017     .0077414    .0763986
         oct |   .0817182   .0169555     4.82   0.000     .0480381    .1153983
         nov |   .0768734   .0172456     4.46   0.000      .042617    .1111297
         dec |   .0990874   .0170706     5.80   0.000     .0651787    .1329961
      wkends |   .0033331   .0037762     0.88   0.380    -.0041678     .010834
        unem |  -.0212174   .0033975    -6.25   0.000     -.027966   -.0144688
      spdlaw |  -.0537583   .0126037    -4.27   0.000     -.078794   -.0287226
     beltlaw |   .0954529   .0142352     6.71   0.000     .0671765    .1237293
       _cons |   10.63987   .0630864   168.66   0.000     10.51455    10.76518
------------------------------------------------------------------------------

. reg prcfat t feb mar apr may jun jul aug sep oct nov dec wkends unem spdlaw beltlaw

      Source |       SS           df       MS      Number of obs   =       108
-------------+----------------------------------   F(16, 91)       =     14.44
       Model |  .764228341        16  .047764271   Prob > F        =    0.0000
    Residual |  .301019813        91   .00330791   R-squared       =    0.7174
-------------+----------------------------------   Adj R-squared   =    0.6677
       Total |  1.06524815       107   .00995559   Root MSE        =    .05751

------------------------------------------------------------------------------
      prcfat |      Coef.   Std. Err.      t    P>|t|     [95% Conf. Interval]
-------------+----------------------------------------------------------------
           t |  -.0022352   .0004208    -5.31   0.000    -.0030711   -.0013993
         feb |   .0008607   .0289967     0.03   0.976    -.0567377    .0584592
         mar |   .0000923   .0274069     0.00   0.997    -.0543481    .0545327
         apr |   .0582201   .0278195     2.09   0.039     .0029601    .1134801
         may |   .0716392   .0276432     2.59   0.011     .0167293    .1265492
         jun |   .1012618   .0280937     3.60   0.001     .0454571    .1570665
         jul |   .1766121   .0272592     6.48   0.000      .122465    .2307592
         aug |   .1926116   .0274448     7.02   0.000     .1380958    .2471274
         sep |   .1600165    .028203     5.67   0.000     .1039948    .2160382
         oct |   .1010357   .0276702     3.65   0.000     .0460722    .1559991
         nov |    .013949   .0281436     0.50   0.621    -.0419548    .0698528
         dec |   .0092005    .027858     0.33   0.742     -.046136     .064537
      wkends |   .0006259   .0061624     0.10   0.919    -.0116151    .0128668
        unem |  -.0154259   .0055444    -2.78   0.007    -.0264392   -.0044127
      spdlaw |   .0670876   .0205683     3.26   0.002     .0262312     .107944
     beltlaw |  -.0295053   .0232307    -1.27   0.207    -.0756503    .0166397
       _cons |   1.029799   .1029524    10.00   0.000     .8252964    1.234301
------------------------------------------------------------------------------

. log close
      name:  <unnamed>
       log:  L:\ECOps6.log
  log type:  text
 closed on:   2 May 2018, 05:39:06
------------------------------------------------------------------------------------------------------------------------------------------------------------
