------------------------------------------------------------------------------------------------------------------------------------------------------------
      name:  <unnamed>
       log:  L:\ECOps4.log
  log type:  text
 opened on:  19 Mar 2018, 14:49:35

. 
. *Problem 1
. bcuse kielmc

Contains data from http://fmwww.bc.edu/ec-p/data/wooldridge/kielmc.dta
  obs:           321                          
 vars:            25                          26 Jan 2000 12:16
 size:        32,100                          
------------------------------------------------------------------------------------------------------------------------------------------------------------
              storage   display    value
variable name   type    format     label      variable label
------------------------------------------------------------------------------------------------------------------------------------------------------------
year            float   %9.0g                 
age             float   %9.0g                 
agesq           float   %9.0g                 
nbh             float   %9.0g                 
cbd             float   %9.0g                 
intst           float   %9.0g                 
lintst          float   %9.0g                 
price           float   %9.0g                 
rooms           float   %9.0g                 
area            float   %9.0g                 
land            float   %9.0g                 
baths           float   %9.0g                 
dist            float   %9.0g                 
ldist           float   %9.0g                 
wind            float   %9.0g                 
lprice          float   %9.0g                 
y81             float   %9.0g                 
larea           float   %9.0g                 
lland           float   %9.0g                 
y81ldist        float   %9.0g                 
lintstsq        float   %9.0g                 
nearinc         float   %9.0g                 
y81nrinc        float   %9.0g                 
rprice          float   %9.0g                 
lrprice         float   %9.0g                 
------------------------------------------------------------------------------------------------------------------------------------------------------------
Sorted by: 

. reg lprice ldist

      Source |       SS           df       MS      Number of obs   =       321
-------------+----------------------------------   F(1, 319)       =     43.48
       Model |  7.36918646         1  7.36918646   Prob > F        =    0.0000
    Residual |  54.0697165       319  .169497544   R-squared       =    0.1199
-------------+----------------------------------   Adj R-squared   =    0.1172
       Total |  61.4389029       320  .191996572   Root MSE        =     .4117

------------------------------------------------------------------------------
      lprice |      Coef.   Std. Err.      t    P>|t|     [95% Conf. Interval]
-------------+----------------------------------------------------------------
       ldist |   .3172188   .0481095     6.59   0.000     .2225668    .4118708
       _cons |   8.257505   .4738306    17.43   0.000     7.325277    9.189733
------------------------------------------------------------------------------

. reg lprice ldist lintst larea lland rooms bath age

      Source |       SS           df       MS      Number of obs   =       321
-------------+----------------------------------   F(7, 313)       =     65.02
       Model |  36.4034046         7  5.20048637   Prob > F        =    0.0000
    Residual |  25.0354984       313  .079985618   R-squared       =    0.5925
-------------+----------------------------------   Adj R-squared   =    0.5834
       Total |  61.4389029       320  .191996572   Root MSE        =    .28282

------------------------------------------------------------------------------
      lprice |      Coef.   Std. Err.      t    P>|t|     [95% Conf. Interval]
-------------+----------------------------------------------------------------
       ldist |   .0282041   .0532129     0.53   0.596    -.0764961    .1329044
      lintst |  -.0438027   .0424357    -1.03   0.303    -.1272981    .0396927
       larea |   .5124036   .0698228     7.34   0.000     .3750222     .649785
       lland |   .0782203   .0337208     2.32   0.021     .0118723    .1445684
       rooms |   .0503139   .0235113     2.14   0.033     .0040538     .096574
       baths |    .107054   .0352303     3.04   0.003     .0377358    .1763723
         age |  -.0035631   .0005774    -6.17   0.000    -.0046992    -.002427
       _cons |   6.299629   .5960532    10.57   0.000     5.126851    7.472406
------------------------------------------------------------------------------

. reg lprice ldist lintst larea lland rooms bath age c.lintst#c.lintst

      Source |       SS           df       MS      Number of obs   =       321
-------------+----------------------------------   F(8, 312)       =     63.04
       Model |  37.9563328         8   4.7445416   Prob > F        =    0.0000
    Residual |  23.4825701       312  .075264648   R-squared       =    0.6178
-------------+----------------------------------   Adj R-squared   =    0.6080
       Total |  61.4389029       320  .191996572   Root MSE        =    .27434

-----------------------------------------------------------------------------------
           lprice |      Coef.   Std. Err.      t    P>|t|     [95% Conf. Interval]
------------------+----------------------------------------------------------------
            ldist |   .1897787   .0626878     3.03   0.003     .0664344    .3131231
           lintst |   1.902656   .4304868     4.42   0.000     1.055632    2.749681
            larea |   .5137105   .0677315     7.58   0.000     .3804422    .6469788
            lland |   .1068861   .0333137     3.21   0.001     .0413382     .172434
            rooms |   .0494855   .0228076     2.17   0.031     .0046093    .0943616
            baths |   .0898825   .0343833     2.61   0.009       .02223    .1575349
              age |  -.0035701   .0005601    -6.37   0.000    -.0046722    -.002468
                  |
c.lintst#c.lintst |  -.1128526   .0248446    -4.54   0.000    -.1617367   -.0639685
                  |
            _cons |  -3.791607     2.2956    -1.65   0.100    -8.308421    .7252071
-----------------------------------------------------------------------------------

. reg lprice ldist lintst larea lland rooms bath age c.lintst#c.lintst c.ldist#c.ldist

      Source |       SS           df       MS      Number of obs   =       321
-------------+----------------------------------   F(9, 311)       =     56.21
       Model |  38.0480644         9  4.22756271   Prob > F        =    0.0000
    Residual |  23.3908385       311  .075211699   R-squared       =    0.6193
-------------+----------------------------------   Adj R-squared   =    0.6083
       Total |  61.4389029       320  .191996572   Root MSE        =    .27425

-----------------------------------------------------------------------------------
           lprice |      Coef.   Std. Err.      t    P>|t|     [95% Conf. Interval]
------------------+----------------------------------------------------------------
            ldist |   2.109247   1.739187     1.21   0.226    -1.312814    5.531309
           lintst |   1.520802   .5520346     2.75   0.006     .4346066    2.606997
            larea |    .506223   .0680463     7.44   0.000     .3723336    .6401123
            lland |   .0969588   .0344938     2.81   0.005      .029088    .1648296
            rooms |   .0477614    .022853     2.09   0.037     .0027954    .0927274
            baths |   .0893862   .0343741     2.60   0.010     .0217509    .1570215
              age |  -.0035235   .0005615    -6.27   0.000    -.0046283   -.0024186
                  |
c.lintst#c.lintst |  -.0889057   .0329697    -2.70   0.007    -.1537775   -.0240338
                  |
  c.ldist#c.ldist |  -.1025552   .0928626    -1.10   0.270    -.2852735    .0801632
                  |
            _cons |  -11.10184   7.005829    -1.58   0.114    -24.88665    2.682981
-----------------------------------------------------------------------------------

. 
. *Problem 2
. bcuse vote1

Contains data from http://fmwww.bc.edu/ec-p/data/wooldridge/vote1.dta
  obs:           173                          
 vars:            10                          26 Jan 2000 12:16
 size:         6,920                          
------------------------------------------------------------------------------------------------------------------------------------------------------------
              storage   display    value
variable name   type    format     label      variable label
------------------------------------------------------------------------------------------------------------------------------------------------------------
state           float   %9.0g                 
district        float   %9.0g                 
democA          float   %9.0g                 
voteA           float   %9.0g                 
expendA         float   %9.0g                 
expendB         float   %9.0g                 
prtystrA        float   %9.0g                 
lexpendA        float   %9.0g                 
lexpendB        float   %9.0g                 
shareA          float   %9.0g                 
------------------------------------------------------------------------------------------------------------------------------------------------------------
Sorted by: 

. reg voteA prtystrA expendA expendB c.expendA#c.expendB

      Source |       SS           df       MS      Number of obs   =       173
-------------+----------------------------------   F(4, 168)       =     55.86
       Model |   27660.969         4  6915.24224   Prob > F        =    0.0000
    Residual |  20796.2796       168  123.787379   R-squared       =    0.5708
-------------+----------------------------------   Adj R-squared   =    0.5606
       Total |  48457.2486       172  281.728189   Root MSE        =    11.126

-------------------------------------------------------------------------------------
              voteA |      Coef.   Std. Err.      t    P>|t|     [95% Conf. Interval]
--------------------+----------------------------------------------------------------
           prtystrA |   .3419408   .0879928     3.89   0.000     .1682268    .5156549
            expendA |    .038281     .00496     7.72   0.000     .0284891    .0480729
            expendB |  -.0317238   .0045875    -6.92   0.000    -.0407805   -.0226672
                    |
c.expendA#c.expendB |  -6.63e-06   7.19e-06    -0.92   0.358    -.0000208    7.56e-06
                    |
              _cons |   32.11731   4.591144     7.00   0.000     23.05354    41.18107
-------------------------------------------------------------------------------------

. margins

Predictive margins                              Number of obs     =        173
Model VCE    : OLS

Expression   : Linear prediction, predict()

------------------------------------------------------------------------------
             |            Delta-method
             |     Margin   Std. Err.      t    P>|t|     [95% Conf. Interval]
-------------+----------------------------------------------------------------
       _cons |   50.50289   .8458924    59.70   0.000     48.83294    52.17284
------------------------------------------------------------------------------

. sum

    Variable |        Obs        Mean    Std. Dev.       Min        Max
-------------+---------------------------------------------------------
       state |          0
    district |        173     8.83815    8.768823          1         42
      democA |        173    .5549133     .498418          0          1
       voteA |        173    50.50289    16.78476         16         84
     expendA |        173    310.6111    280.9857         .3    1470.67
-------------+---------------------------------------------------------
     expendB |        173    305.0884     306.278        .93    1548.19
    prtystrA |        173    49.75723     9.98365         22         71
    lexpendA |        173    5.025556    1.601602  -1.197328   7.293476
    lexpendB |        173    4.944369    1.571143  -.0725707   7.344844
      shareA |        173    51.07618    33.48389        .09       99.5

. reg voteA prtystrA expendA expendB shareA

      Source |       SS           df       MS      Number of obs   =       173
-------------+----------------------------------   F(4, 168)       =    276.56
       Model |   42068.398         4  10517.0995   Prob > F        =    0.0000
    Residual |  6388.85053       168  38.0288722   R-squared       =    0.8682
-------------+----------------------------------   Adj R-squared   =    0.8650
       Total |  48457.2486       172  281.728189   Root MSE        =    6.1668

------------------------------------------------------------------------------
       voteA |      Coef.   Std. Err.      t    P>|t|     [95% Conf. Interval]
-------------+----------------------------------------------------------------
    prtystrA |   .1572717   .0496835     3.17   0.002     .0591872    .2553562
     expendA |  -.0066701   .0028327    -2.35   0.020    -.0122625   -.0010777
     expendB |   .0042674   .0026066     1.64   0.103    -.0008785    .0094132
      shareA |   .4943951   .0253079    19.54   0.000     .4444327    .5443576
       _cons |   18.19555   2.567794     7.09   0.000     13.12625    23.26485
------------------------------------------------------------------------------

. 
. *Problem 3
. bcuse nbasal

Contains data from http://fmwww.bc.edu/ec-p/data/wooldridge/nbasal.dta
  obs:           269                          
 vars:            22                          13 Nov 2012 10:57
 size:        11,836                          
------------------------------------------------------------------------------------------------------------------------------------------------------------
              storage   display    value
variable name   type    format     label      variable label
------------------------------------------------------------------------------------------------------------------------------------------------------------
marr            byte    %1.0f                 =1 if married
wage            float   %9.2f                 annual salary, thousands $
exper           byte    %2.0f                 years as a professional player
age             byte    %2.0f                 age in years
coll            byte    %1.0f                 years playing at college
games           byte    %6.0f                 average games per year
minutes         int     %6.0f                 minutes per season
guard           byte    %1.0f                 =1 if guard
forward         byte    %1.0f                 =1 if forward
center          byte    %1.0f                 =1 if center
points          float   %2.0f                 points per game
rebounds        float   %2.0f                 rebounds per game
assists         float   %2.0f                 assists per game
draft           int     %3.0f                 draft number
allstar         byte    %1.0f                 all-star player
avgmin          float   %9.2f                 minutes per game
lwage           float   %9.2f                 natural log of wage
black           byte    %1.0f                 =1 if black
children        byte    %1.0f                 =1 if has children
expersq         int     %3.0f                 exper^2
agesq           int     %9.0g                 age^2
marrblck        byte    %1.0f                 marr*black
------------------------------------------------------------------------------------------------------------------------------------------------------------
Sorted by: 

. *part i
. reg points c.exper##c.exper age coll

      Source |       SS           df       MS      Number of obs   =       269
-------------+----------------------------------   F(4, 264)       =     10.85
       Model |  1317.59877         4  329.399693   Prob > F        =    0.0000
    Residual |  8013.59211       264  30.3545156   R-squared       =    0.1412
-------------+----------------------------------   Adj R-squared   =    0.1282
       Total |  9331.19088       268  34.8178764   Root MSE        =    5.5095

---------------------------------------------------------------------------------
         points |      Coef.   Std. Err.      t    P>|t|     [95% Conf. Interval]
----------------+----------------------------------------------------------------
          exper |   2.363631   .4054974     5.83   0.000      1.56521    3.162051
                |
c.exper#c.exper |  -.0770269   .0234833    -3.28   0.001    -.1232652   -.0307885
                |
            age |  -1.073958   .2950722    -3.64   0.000    -1.654953   -.4929638
           coll |  -1.286255   .4505921    -2.85   0.005    -2.173466    -.399043
          _cons |   35.21831   6.986731     5.04   0.000      21.4615    48.97512
---------------------------------------------------------------------------------

. reg points c.exper##c.exper c.age##c.age coll

      Source |       SS           df       MS      Number of obs   =       269
-------------+----------------------------------   F(5, 263)       =      8.92
       Model |  1353.54692         5  270.709385   Prob > F        =    0.0000
    Residual |  7977.64396       263   30.333247   R-squared       =    0.1451
-------------+----------------------------------   Adj R-squared   =    0.1288
       Total |  9331.19088       268  34.8178764   Root MSE        =    5.5076

---------------------------------------------------------------------------------
         points |      Coef.   Std. Err.      t    P>|t|     [95% Conf. Interval]
----------------+----------------------------------------------------------------
          exper |   2.863828   .6127241     4.67   0.000     1.657359    4.070297
                |
c.exper#c.exper |  -.1280723   .0524378    -2.44   0.015    -.2313237   -.0248209
                |
            age |  -3.983695   2.689078    -1.48   0.140    -9.278557    1.311168
                |
    c.age#c.age |   .0535514   .0491917     1.09   0.277    -.0433083    .1504112
                |
           coll |  -1.312604   .4510841    -2.91   0.004      -2.2008    -.424408
          _cons |   73.59034   35.93341     2.05   0.042     2.836553    144.3441
---------------------------------------------------------------------------------

. *part v
. reg lwage points c.exper##c.exper age coll

      Source |       SS           df       MS      Number of obs   =       269
-------------+----------------------------------   F(5, 263)       =     50.10
       Model |  101.561351         5  20.3122701   Prob > F        =    0.0000
    Residual |  106.627377       263  .405427287   R-squared       =    0.4878
-------------+----------------------------------   Adj R-squared   =    0.4781
       Total |  208.188727       268  .776823609   Root MSE        =    .63673

---------------------------------------------------------------------------------
          lwage |      Coef.   Std. Err.      t    P>|t|     [95% Conf. Interval]
----------------+----------------------------------------------------------------
         points |   .0777297   .0071128    10.93   0.000     .0637243     .091735
          exper |   .2178447   .0497877     4.38   0.000     .1198115     .315878
                |
c.exper#c.exper |  -.0070821   .0027687    -2.56   0.011    -.0125338   -.0016305
                |
            age |  -.0481375   .0349466    -1.38   0.170    -.1169481    .0206732
           coll |  -.0402709   .0528725    -0.76   0.447    -.1443781    .0638364
          _cons |   6.779038   .8454209     8.02   0.000     5.114384    8.443693
---------------------------------------------------------------------------------

. test age coll

 ( 1)  age = 0
 ( 2)  coll = 0

       F(  2,   263) =    1.19
            Prob > F =    0.3061

. 
. *Problem 5
. bcuse wage2

Contains data from http://fmwww.bc.edu/ec-p/data/wooldridge/wage2.dta
  obs:           935                          
 vars:            17                          26 Jan 2000 12:16
 size:        63,580                          
------------------------------------------------------------------------------------------------------------------------------------------------------------
              storage   display    value
variable name   type    format     label      variable label
------------------------------------------------------------------------------------------------------------------------------------------------------------
wage            float   %9.0g                 
hours           float   %9.0g                 
IQ              float   %9.0g                 
KWW             float   %9.0g                 
educ            float   %9.0g                 
exper           float   %9.0g                 
tenure          float   %9.0g                 
age             float   %9.0g                 
married         float   %9.0g                 
black           float   %9.0g                 
south           float   %9.0g                 
urban           float   %9.0g                 
sibs            float   %9.0g                 
brthord         float   %9.0g                 
meduc           float   %9.0g                 
feduc           float   %9.0g                 
lwage           float   %9.0g                 
------------------------------------------------------------------------------------------------------------------------------------------------------------
Sorted by: 

. reg lwage educ exper tenure married black south urban

      Source |       SS           df       MS      Number of obs   =       935
-------------+----------------------------------   F(7, 927)       =     44.75
       Model |  41.8377677         7  5.97682396   Prob > F        =    0.0000
    Residual |  123.818527       927  .133569069   R-squared       =    0.2526
-------------+----------------------------------   Adj R-squared   =    0.2469
       Total |  165.656294       934  .177362199   Root MSE        =    .36547

------------------------------------------------------------------------------
       lwage |      Coef.   Std. Err.      t    P>|t|     [95% Conf. Interval]
-------------+----------------------------------------------------------------
        educ |   .0654307   .0062504    10.47   0.000     .0531642    .0776973
       exper |    .014043   .0031852     4.41   0.000      .007792     .020294
      tenure |   .0117473    .002453     4.79   0.000     .0069333    .0165613
     married |   .1994171   .0390502     5.11   0.000     .1227801    .2760541
       black |  -.1883499   .0376666    -5.00   0.000    -.2622717   -.1144282
       south |  -.0909036   .0262485    -3.46   0.001     -.142417   -.0393903
       urban |   .1839121   .0269583     6.82   0.000     .1310056    .2368185
       _cons |   5.395497    .113225    47.65   0.000      5.17329    5.617704
------------------------------------------------------------------------------

. *Part ii
. reg lwage educ c.exper##c.exper c.tenure##c.tenure married black south urban

      Source |       SS           df       MS      Number of obs   =       935
-------------+----------------------------------   F(9, 925)       =     35.17
       Model |   42.235332         9  4.69281467   Prob > F        =    0.0000
    Residual |  123.420962       925  .133428067   R-squared       =    0.2550
-------------+----------------------------------   Adj R-squared   =    0.2477
       Total |  165.656294       934  .177362199   Root MSE        =    .36528

-----------------------------------------------------------------------------------
            lwage |      Coef.   Std. Err.      t    P>|t|     [95% Conf. Interval]
------------------+----------------------------------------------------------------
             educ |   .0642761   .0063115    10.18   0.000     .0518896    .0766625
            exper |   .0172146   .0126138     1.36   0.173    -.0075403    .0419695
                  |
  c.exper#c.exper |  -.0001138   .0005319    -0.21   0.831    -.0011576      .00093
                  |
           tenure |   .0249291   .0081297     3.07   0.002     .0089744    .0408838
                  |
c.tenure#c.tenure |  -.0007964    .000471    -1.69   0.091    -.0017208    .0001279
                  |
          married |    .198547   .0391103     5.08   0.000     .1217917    .2753023
            black |  -.1906636   .0377011    -5.06   0.000    -.2646533    -.116674
            south |  -.0912153   .0262356    -3.48   0.001    -.1427035   -.0397271
            urban |   .1854241   .0269585     6.88   0.000     .1325171    .2383311
            _cons |   5.358676   .1259143    42.56   0.000     5.111565    5.605786
-----------------------------------------------------------------------------------

. test c.exper#c.exper c.tenure#c.tenure

 ( 1)  c.exper#c.exper = 0
 ( 2)  c.tenure#c.tenure = 0

       F(  2,   925) =    1.49
            Prob > F =    0.2260

. *part iii
. reg lwage educ exper tenure married black south urban c.educ#i.black

      Source |       SS           df       MS      Number of obs   =       935
-------------+----------------------------------   F(8, 926)       =     39.32
       Model |  42.0055536         8   5.2506942   Prob > F        =    0.0000
    Residual |  123.650741       926  .133532117   R-squared       =    0.2536
-------------+----------------------------------   Adj R-squared   =    0.2471
       Total |  165.656294       934  .177362199   Root MSE        =    .36542

------------------------------------------------------------------------------
       lwage |      Coef.   Std. Err.      t    P>|t|     [95% Conf. Interval]
-------------+----------------------------------------------------------------
        educ |   .0671153   .0064277    10.44   0.000     .0545008    .0797299
       exper |   .0138259   .0031906     4.33   0.000     .0075642    .0200876
      tenure |    .011787   .0024529     4.81   0.000     .0069732    .0166009
     married |   .1989077   .0390474     5.09   0.000     .1222761    .2755394
       black |   .0948094   .2553995     0.37   0.711    -.4064194    .5960383
       south |  -.0894495   .0262769    -3.40   0.001    -.1410187   -.0378803
       urban |   .1838523   .0269547     6.82   0.000      .130953    .2367516
             |
black#c.educ |
          1  |  -.0226237   .0201827    -1.12   0.263    -.0622327    .0169854
             |
       _cons |   5.374817   .1147027    46.86   0.000     5.149709    5.599924
------------------------------------------------------------------------------

. *part iv
. gen marrNonBlack= (black==0 & married==1)

. gen singleNonBlack= (black==0 & married==0)

. gen singleBlack= (black==1 & married==0)

. reg  lwage educ exper tenure south urban marrNonBlack singleNonBlack singleBlack

      Source |       SS           df       MS      Number of obs   =       935
-------------+----------------------------------   F(8, 926)       =     39.17
       Model |  41.8849419         8  5.23561773   Prob > F        =    0.0000
    Residual |  123.771352       926  .133662368   R-squared       =    0.2528
-------------+----------------------------------   Adj R-squared   =    0.2464
       Total |  165.656294       934  .177362199   Root MSE        =     .3656

--------------------------------------------------------------------------------
         lwage |      Coef.   Std. Err.      t    P>|t|     [95% Conf. Interval]
---------------+----------------------------------------------------------------
          educ |   .0654751    .006253    10.47   0.000     .0532034    .0777469
         exper |   .0141462    .003191     4.43   0.000     .0078837    .0204087
        tenure |   .0116628   .0024579     4.74   0.000      .006839    .0164866
         south |  -.0919894   .0263212    -3.49   0.000    -.1436455   -.0403333
         urban |   .1843501   .0269778     6.83   0.000     .1314053    .2372948
  marrNonBlack |   .1794663   .0405386     4.43   0.000     .0999082    .2590244
singleNonBlack |  -.0094485   .0560131    -0.17   0.866    -.1193757    .1004788
   singleBlack |  -.2502685   .0940889    -2.66   0.008    -.4349208   -.0656162
         _cons |   5.413242   .1102773    49.09   0.000     5.196819    5.629664
--------------------------------------------------------------------------------

. clear

. *Problem 6
. bcuse sleep75

Contains data from http://fmwww.bc.edu/ec-p/data/wooldridge/sleep75.dta
  obs:           706                          
 vars:            34                          26 Jan 2000 12:16
 size:        96,016                          
------------------------------------------------------------------------------------------------------------------------------------------------------------
              storage   display    value
variable name   type    format     label      variable label
------------------------------------------------------------------------------------------------------------------------------------------------------------
age             float   %9.0g                 
black           float   %9.0g                 
case            float   %9.0g                 
clerical        float   %9.0g                 
construc        float   %9.0g                 
educ            float   %9.0g                 
earns74         float   %9.0g                 
gdhlth          float   %9.0g                 
inlf            float   %9.0g                 
leis1           float   %9.0g                 
leis2           float   %9.0g                 
leis3           float   %9.0g                 
smsa            float   %9.0g                 
lhrwage         float   %9.0g                 
lothinc         float   %9.0g                 
male            float   %9.0g                 
marr            float   %9.0g                 
prot            float   %9.0g                 
rlxall          float   %9.0g                 
selfe           float   %9.0g                 
sleep           float   %9.0g                 
slpnaps         float   %9.0g                 
south           float   %9.0g                 
spsepay         float   %9.0g                 
spwrk75         float   %9.0g                 
totwrk          float   %9.0g                 
union           float   %9.0g                 
worknrm         float   %9.0g                 
workscnd        float   %9.0g                 
exper           float   %9.0g                 
yngkid          float   %9.0g                 
yrsmarr         float   %9.0g                 
hrwage          float   %9.0g                 
agesq           float   %9.0g                 
------------------------------------------------------------------------------------------------------------------------------------------------------------
Sorted by: 

. reg sleep totwrk educ c.age##c.age yngkid if male==1

      Source |       SS           df       MS      Number of obs   =       400
-------------+----------------------------------   F(5, 394)       =     14.59
       Model |  11806161.6         5  2361232.32   Prob > F        =    0.0000
    Residual |    63763979       394   161837.51   R-squared       =    0.1562
-------------+----------------------------------   Adj R-squared   =    0.1455
       Total |  75570140.6       399  189398.849   Root MSE        =    402.29

------------------------------------------------------------------------------
       sleep |      Coef.   Std. Err.      t    P>|t|     [95% Conf. Interval]
-------------+----------------------------------------------------------------
      totwrk |  -.1821232   .0244855    -7.44   0.000    -.2302618   -.1339846
        educ |  -13.05238   7.414218    -1.76   0.079    -27.62876    1.523996
         age |   7.156591   14.32037     0.50   0.618    -20.99731    35.31049
             |
 c.age#c.age |  -.0447674   .1684053    -0.27   0.791    -.3758528    .2863181
             |
      yngkid |   60.38021   59.02278     1.02   0.307    -55.65877    176.4192
       _cons |   3648.208   310.0393    11.77   0.000      3038.67    4257.747
------------------------------------------------------------------------------

. reg sleep totwrk educ c.age##c.age yngkid if male==0

      Source |       SS           df       MS      Number of obs   =       306
-------------+----------------------------------   F(5, 300)       =      6.50
       Model |  6201576.18         5  1240315.24   Prob > F        =    0.0000
    Residual |  57288575.9       300   190961.92   R-squared       =    0.0977
-------------+----------------------------------   Adj R-squared   =    0.0826
       Total |  63490152.1       305  208164.433   Root MSE        =    436.99

------------------------------------------------------------------------------
       sleep |      Coef.   Std. Err.      t    P>|t|     [95% Conf. Interval]
-------------+----------------------------------------------------------------
      totwrk |  -.1399495   .0276594    -5.06   0.000    -.1943806   -.0855184
        educ |  -10.20514   9.588848    -1.06   0.288    -29.07506    8.664787
         age |  -30.35657   18.53091    -1.64   0.102    -66.82361    6.110464
             |
 c.age#c.age |   .3679406   .2233398     1.65   0.101    -.0715705    .8074516
             |
      yngkid |  -118.2826   93.18757    -1.27   0.205    -301.6667    65.10154
       _cons |   4238.729   384.8923    11.01   0.000     3481.299     4996.16
------------------------------------------------------------------------------

. *part ii
. reg sleep c.age##c.age i.male#c.totwrk i.male##c.c.educ##c.educ i.male##i.yngkid

      Source |       SS           df       MS      Number of obs   =       706
-------------+----------------------------------   F(11, 694)      =      9.63
       Model |  18442317.4        11  1676574.31   Prob > F        =    0.0000
    Residual |   120797518       694  174059.825   R-squared       =    0.1325
-------------+----------------------------------   Adj R-squared   =    0.1187
       Total |   139239836       705  197503.313   Root MSE        =     417.2

------------------------------------------------------------------------------------
             sleep |      Coef.   Std. Err.      t    P>|t|     [95% Conf. Interval]
-------------------+----------------------------------------------------------------
               age |  -7.454038   11.35503    -0.66   0.512    -29.74837     14.8403
                   |
       c.age#c.age |    .105936   .1352292     0.78   0.434    -.1595715    .3714435
                   |
     male#c.totwrk |
                0  |  -.1400963   .0263681    -5.31   0.000     -.191867   -.0883255
                1  |  -.1835893   .0251278    -7.31   0.000    -.2329249   -.1342537
                   |
            1.male |  -198.9916   436.5363    -0.46   0.649    -1056.082    658.0987
              educ |  -109.3731   47.81048    -2.29   0.022    -203.2437   -15.50261
                   |
       male#c.educ |
                1  |   71.89247   71.07106     1.01   0.312     -67.6476    211.4325
                   |
     c.educ#c.educ |   4.188564    1.94573     2.15   0.032     .3683413    8.008787
                   |
male#c.educ#c.educ |
                1  |   -3.25919   2.852293    -1.14   0.254    -8.859349    2.340969
                   |
          1.yngkid |  -99.34355   87.22826    -1.14   0.255    -270.6065    71.91937
                   |
       male#yngkid |
              1 1  |   135.7062   102.8987     1.32   0.188    -66.32378    337.7362
                   |
             _cons |   4330.084   361.5343    11.98   0.000     3620.252    5039.917
------------------------------------------------------------------------------------

. 
. log close
      name:  <unnamed>
       log:  L:\ECOps4.log
  log type:  text
 closed on:  19 Mar 2018, 14:49:39
------------------------------------------------------------------------------------------------------------------------------------------------------------
