----------------------------------------------------------------------------------------------------------------------------------------------------------------------------------
      name:  <unnamed>
       log:  L:\ECOps2.log
  log type:  text
 opened on:   7 Feb 2018, 16:22:05

. *Problem C2.5
. bcuse rdchem

Contains data from http://fmwww.bc.edu/ec-p/data/wooldridge/rdchem.dta
  obs:            32                          
 vars:             8                          26 Jan 2000 12:16
 size:         1,024                          
----------------------------------------------------------------------------------------------------------------------------------------------------------------------------------
              storage   display    value
variable name   type    format     label      variable label
----------------------------------------------------------------------------------------------------------------------------------------------------------------------------------
rd              float   %9.0g                 
sales           float   %9.0g                 
profits         float   %9.0g                 
rdintens        float   %9.0g                 
profmarg        float   %9.0g                 
salessq         float   %9.0g                 
lsales          float   %9.0g                 
lrd             float   %9.0g                 
----------------------------------------------------------------------------------------------------------------------------------------------------------------------------------
Sorted by: 

. reg lrd lsales

      Source |       SS           df       MS      Number of obs   =        32
-------------+----------------------------------   F(1, 30)        =    302.72
       Model |  84.8395741         1  84.8395741   Prob > F        =    0.0000
    Residual |   8.4076867        30  .280256223   R-squared       =    0.9098
-------------+----------------------------------   Adj R-squared   =    0.9068
       Total |  93.2472609        31  3.00797616   Root MSE        =    .52939

------------------------------------------------------------------------------
         lrd |      Coef.   Std. Err.      t    P>|t|     [95% Conf. Interval]
-------------+----------------------------------------------------------------
      lsales |   1.075731   .0618275    17.40   0.000      .949462    1.201999
       _cons |  -4.104723   .4527679    -9.07   0.000    -5.029399   -3.180048
------------------------------------------------------------------------------

. *Estimated equation in writeup
. *
. *Problem C2.7
. bcuse charity

Contains data from http://fmwww.bc.edu/ec-p/data/wooldridge/charity.dta
  obs:         4,268                          
 vars:             8                          5 Apr 2008 16:22
 size:        93,896                          
----------------------------------------------------------------------------------------------------------------------------------------------------------------------------------
              storage   display    value
variable name   type    format     label      variable label
----------------------------------------------------------------------------------------------------------------------------------------------------------------------------------
respond         byte    %9.0g                 =1 if responded with gift
gift            int     %9.0g                 amount of gift, Dutch guilders
resplast        byte    %9.0g                 =1 if responded to most recent mailing
weekslast       float   %9.0g                 number of weeks since last response
propresp        float   %9.0g                 response rate to mailings
mailsyear       float   %9.0g                 number of mailings per year
giftlast        int     %9.0g                 amount of most recent gift
avggift         float   %9.0g                 average of past gifts
----------------------------------------------------------------------------------------------------------------------------------------------------------------------------------
Sorted by: 

. sum gift

    Variable |        Obs        Mean    Std. Dev.       Min        Max
-------------+---------------------------------------------------------
        gift |      4,268     7.44447    15.06256          0        250

. tab gift

  amount of |
gift, Dutch |
   guilders |      Freq.     Percent        Cum.
------------+-----------------------------------
          0 |      2,561       60.00       60.00
          2 |         25        0.59       60.59
          3 |          6        0.14       60.73
          4 |          1        0.02       60.75
          5 |        158        3.70       64.46
          7 |         14        0.33       64.78
          8 |          1        0.02       64.81
         10 |        702       16.45       81.26
         12 |          1        0.02       81.28
         15 |        152        3.56       84.84
         20 |         86        2.01       86.86
         22 |          2        0.05       86.90
         24 |          1        0.02       86.93
         25 |        387        9.07       95.99
         30 |         36        0.84       96.84
         35 |          7        0.16       97.00
         40 |          4        0.09       97.09
         50 |         86        2.01       99.11
         55 |          1        0.02       99.13
         60 |          1        0.02       99.16
         75 |          3        0.07       99.23
         90 |          1        0.02       99.25
         95 |          1        0.02       99.27
        100 |         25        0.59       99.86
        120 |          1        0.02       99.88
        150 |          1        0.02       99.91
        200 |          1        0.02       99.93
        250 |          3        0.07      100.00
------------+-----------------------------------
      Total |      4,268      100.00

. sum mailsyear, detail

                 number of mailings per year
-------------------------------------------------------------
      Percentiles      Smallest
 1%          .25            .25
 5%          .75            .25
10%            1            .25       Obs               4,268
25%         1.75            .25       Sum of Wgt.       4,268

50%            2                      Mean           2.049555
                        Largest       Std. Dev.        .66758
75%          2.5            3.5
90%         2.75            3.5       Variance        .445663
95%            3            3.5       Skewness      -.4856134
99%         3.25            3.5       Kurtosis       2.722057

. reg gift mailsyear

      Source |       SS           df       MS      Number of obs   =     4,268
-------------+----------------------------------   F(1, 4266)      =     59.65
       Model |  13349.7251         1  13349.7251   Prob > F        =    0.0000
    Residual |  954750.114     4,266  223.804528   R-squared       =    0.0138
-------------+----------------------------------   Adj R-squared   =    0.0136
       Total |   968099.84     4,267  226.880675   Root MSE        =     14.96

------------------------------------------------------------------------------
        gift |      Coef.   Std. Err.      t    P>|t|     [95% Conf. Interval]
-------------+----------------------------------------------------------------
   mailsyear |   2.649546   .3430598     7.72   0.000     1.976971    3.322122
       _cons |    2.01408   .7394696     2.72   0.006     .5643347    3.463825
------------------------------------------------------------------------------

. *
. *Problem C3.6
. bcuse wage2

Contains data from http://fmwww.bc.edu/ec-p/data/wooldridge/wage2.dta
  obs:           935                          
 vars:            17                          26 Jan 2000 12:16
 size:        63,580                          
----------------------------------------------------------------------------------------------------------------------------------------------------------------------------------
              storage   display    value
variable name   type    format     label      variable label
----------------------------------------------------------------------------------------------------------------------------------------------------------------------------------
wage            float   %9.0g                 
hours           float   %9.0g                 
IQ              float   %9.0g                 
KWW             float   %9.0g                 
educ            float   %9.0g                 
exper           float   %9.0g                 
tenure          float   %9.0g                 
age             float   %9.0g                 
married         float   %9.0g                 
black           float   %9.0g                 
south           float   %9.0g                 
urban           float   %9.0g                 
sibs            float   %9.0g                 
brthord         float   %9.0g                 
meduc           float   %9.0g                 
feduc           float   %9.0g                 
lwage           float   %9.0g                 
----------------------------------------------------------------------------------------------------------------------------------------------------------------------------------
Sorted by: 

. reg IQ educ

      Source |       SS           df       MS      Number of obs   =       935
-------------+----------------------------------   F(1, 933)       =    338.02
       Model |  56280.9277         1  56280.9277   Prob > F        =    0.0000
    Residual |  155346.531       933  166.502177   R-squared       =    0.2659
-------------+----------------------------------   Adj R-squared   =    0.2652
       Total |  211627.459       934  226.581862   Root MSE        =    12.904

------------------------------------------------------------------------------
          IQ |      Coef.   Std. Err.      t    P>|t|     [95% Conf. Interval]
-------------+----------------------------------------------------------------
        educ |   3.533829   .1922095    18.39   0.000     3.156616    3.911042
       _cons |   53.68715   2.622933    20.47   0.000     48.53962    58.83469
------------------------------------------------------------------------------

. reg lwage educ

      Source |       SS           df       MS      Number of obs   =       935
-------------+----------------------------------   F(1, 933)       =    100.70
       Model |  16.1377074         1  16.1377074   Prob > F        =    0.0000
    Residual |  149.518587       933   .16025572   R-squared       =    0.0974
-------------+----------------------------------   Adj R-squared   =    0.0964
       Total |  165.656294       934  .177362199   Root MSE        =    .40032

------------------------------------------------------------------------------
       lwage |      Coef.   Std. Err.      t    P>|t|     [95% Conf. Interval]
-------------+----------------------------------------------------------------
        educ |   .0598392   .0059631    10.03   0.000     .0481366    .0715418
       _cons |   5.973062   .0813737    73.40   0.000     5.813366    6.132759
------------------------------------------------------------------------------

. reg lwage educ IQ

      Source |       SS           df       MS      Number of obs   =       935
-------------+----------------------------------   F(2, 932)       =     69.42
       Model |  21.4779495         2  10.7389748   Prob > F        =    0.0000
    Residual |  144.178345       932  .154697795   R-squared       =    0.1297
-------------+----------------------------------   Adj R-squared   =    0.1278
       Total |  165.656294       934  .177362199   Root MSE        =    .39332

------------------------------------------------------------------------------
       lwage |      Coef.   Std. Err.      t    P>|t|     [95% Conf. Interval]
-------------+----------------------------------------------------------------
        educ |   .0391199   .0068382     5.72   0.000     .0256998      .05254
          IQ |   .0058631   .0009979     5.88   0.000     .0039047    .0078215
       _cons |   5.658288   .0962408    58.79   0.000     5.469414    5.847161
------------------------------------------------------------------------------

. 
. log close
      name:  <unnamed>
       log:  L:\ECOps2.log
  log type:  text
 closed on:   7 Feb 2018, 16:22:05
----------------------------------------------------------------------------------------------------------------------------------------------------------------------------------
