------------------------------------------------------------------------------------------------------------------------------------------------------------
      name:  <unnamed>
       log:  L:\ECOps5.log
  log type:  text
 opened on:   9 Apr 2018, 03:11:44

. 
. *Question 4[9.C3]
. bcuse jtrain

Contains data from http://fmwww.bc.edu/ec-p/data/wooldridge/jtrain.dta
  obs:           471                          
 vars:            30                          26 Jan 2000 12:16
 size:        56,520                          
------------------------------------------------------------------------------------------------------------------------------------------------------------
              storage   display    value
variable name   type    format     label      variable label
------------------------------------------------------------------------------------------------------------------------------------------------------------
year            float   %9.0g                 
fcode           float   %9.0g                 
employ          float   %9.0g                 
sales           float   %9.0g                 
avgsal          float   %9.0g                 
scrap           float   %9.0g                 
rework          float   %9.0g                 
tothrs          float   %9.0g                 
union           float   %9.0g                 
grant           float   %9.0g                 
d89             float   %9.0g                 
d88             float   %9.0g                 
totrain         float   %9.0g                 
hrsemp          float   %9.0g                 
lscrap          float   %9.0g                 
lemploy         float   %9.0g                 
lsales          float   %9.0g                 
lrework         float   %9.0g                 
lhrsemp         float   %9.0g                 
lscrap_1        float   %9.0g                 
grant_1         float   %9.0g                 
clscrap         float   %9.0g                 
cgrant          float   %9.0g                 
clemploy        float   %9.0g                 
clsales         float   %9.0g                 
lavgsal         float   %9.0g                 
clavgsal        float   %9.0g                 
cgrant_1        float   %9.0g                 
chrsemp         float   %9.0g                 
clhrsemp        float   %9.0g                 
------------------------------------------------------------------------------------------------------------------------------------------------------------
Sorted by: 

. reg lscrap grant if d88

      Source |       SS           df       MS      Number of obs   =        54
-------------+----------------------------------   F(1, 52)        =      0.02
       Model |  .039451743         1  .039451743   Prob > F        =    0.8895
    Residual |  105.323212        52  2.02544638   R-squared       =    0.0004
-------------+----------------------------------   Adj R-squared   =   -0.0188
       Total |  105.362663        53  1.98797478   Root MSE        =    1.4232

------------------------------------------------------------------------------
      lscrap |      Coef.   Std. Err.      t    P>|t|     [95% Conf. Interval]
-------------+----------------------------------------------------------------
       grant |   .0566004   .4055519     0.14   0.890    -.7571991    .8703998
       _cons |    .408526   .2405616     1.70   0.095    -.0741963    .8912482
------------------------------------------------------------------------------

. reg lscrap grant lscrap_1 if d88

      Source |       SS           df       MS      Number of obs   =        54
-------------+----------------------------------   F(2, 51)        =    174.94
       Model |  91.9584826         2  45.9792413   Prob > F        =    0.0000
    Residual |  13.4041807        51  .262827073   R-squared       =    0.8728
-------------+----------------------------------   Adj R-squared   =    0.8678
       Total |  105.362663        53  1.98797478   Root MSE        =    .51267

------------------------------------------------------------------------------
      lscrap |      Coef.   Std. Err.      t    P>|t|     [95% Conf. Interval]
-------------+----------------------------------------------------------------
       grant |  -.2539697   .1470311    -1.73   0.090    -.5491469    .0412076
    lscrap_1 |   .8311606   .0444444    18.70   0.000     .7419347    .9203865
       _cons |    .021237   .0890967     0.24   0.813    -.1576321    .2001061
------------------------------------------------------------------------------

. reg lscrap grant lscrap_1 if d88, vce(robust)

Linear regression                               Number of obs     =         54
                                                F(2, 51)          =      77.79
                                                Prob > F          =     0.0000
                                                R-squared         =     0.8728
                                                Root MSE          =     .51267

------------------------------------------------------------------------------
             |               Robust
      lscrap |      Coef.   Std. Err.      t    P>|t|     [95% Conf. Interval]
-------------+----------------------------------------------------------------
       grant |  -.2539697   .1463727    -1.74   0.089    -.5478251    .0398857
    lscrap_1 |   .8311606   .0735407    11.30   0.000     .6835216    .9787996
       _cons |    .021237    .099845     0.21   0.832    -.1792103    .2216843
------------------------------------------------------------------------------

. 
. *Question 5[9.C8]
. bcuse twoyear

Contains data from http://fmwww.bc.edu/ec-p/data/wooldridge/twoyear.dta
  obs:         6,763                          
 vars:            23                          25 May 2002 11:28
 size:       284,046                          
------------------------------------------------------------------------------------------------------------------------------------------------------------
              storage   display    value
variable name   type    format     label      variable label
------------------------------------------------------------------------------------------------------------------------------------------------------------
female          byte    %8.0g                 =1 if female
phsrank         byte    %8.0g                 % high school rank; 100 = best
BA              byte    %8.0g                 =1 if Bachelor's degree
AA              byte    %8.0g                 =1 if Associate's degree
black           byte    %8.0g                 =1 if African-American
hispanic        byte    %8.0g                 =1 if Hispanic
id              float   %9.0g                 ID Number
exper           int     %8.0g                 total (actual) work experience
jc              float   %9.0g                 total 2-year credits
univ            float   %9.0g                 total 4-year credits
lwage           float   %9.0g                 log hourly wage
stotal          float   %9.0g                 total standardized test score
smcity          byte    %8.0g                 =1 if small city, 1972
medcity         byte    %8.0g                 =1 if med. city, 1972
submed          byte    %8.0g                 =1 if suburb med. city, 1972
lgcity          byte    %8.0g                 =1 if large city, 1972
sublg           byte    %8.0g                 =1 if suburb large city, 1972
vlgcity         byte    %8.0g                 =1 if very large city, 1972
subvlg          byte    %8.0g                 =1 if sub. very lge. city, 1972
ne              byte    %8.0g                 =1 if northeast
nc              byte    %8.0g                 =1 if north central
south           byte    %8.0g                 =1 if south
totcoll         float   %9.0g                 jc + univ
------------------------------------------------------------------------------------------------------------------------------------------------------------
Sorted by: id

. sum stotal

    Variable |        Obs        Mean    Std. Dev.       Min        Max
-------------+---------------------------------------------------------
      stotal |      6,763    .0474829    .8535441  -3.324797   2.235366

. reg stotal jc

      Source |       SS           df       MS      Number of obs   =     6,763
-------------+----------------------------------   F(1, 6761)      =      1.03
       Model |  .752020193         1  .752020193   Prob > F        =    0.3097
    Residual |   4925.6191     6,761  .728534108   R-squared       =    0.0002
-------------+----------------------------------   Adj R-squared   =    0.0000
       Total |  4926.37112     6,762  .728537581   Root MSE        =    .85354

------------------------------------------------------------------------------
      stotal |      Coef.   Std. Err.      t    P>|t|     [95% Conf. Interval]
-------------+----------------------------------------------------------------
          jc |    .013658   .0134431     1.02   0.310    -.0126946    .0400107
       _cons |   .0428543   .0113348     3.78   0.000     .0206344    .0650741
------------------------------------------------------------------------------

. reg stotal univ

      Source |       SS           df       MS      Number of obs   =     6,763
-------------+----------------------------------   F(1, 6761)      =   1574.72
       Model |  930.653211         1  930.653211   Prob > F        =    0.0000
    Residual |  3995.71791     6,761  .590995106   R-squared       =    0.1889
-------------+----------------------------------   Adj R-squared   =    0.1888
       Total |  4926.37112     6,762  .728537581   Root MSE        =    .76876

------------------------------------------------------------------------------
      stotal |      Coef.   Std. Err.      t    P>|t|     [95% Conf. Interval]
-------------+----------------------------------------------------------------
        univ |   .1615085     .00407    39.68   0.000       .15353    .1694869
       _cons |  -.2636267   .0122004   -21.61   0.000    -.2875434     -.23971
------------------------------------------------------------------------------

. reg lwage jc univ exper stotal

      Source |       SS           df       MS      Number of obs   =     6,763
-------------+----------------------------------   F(4, 6758)      =    500.23
       Model |  367.406832         4  91.8517079   Prob > F        =    0.0000
    Residual |  1240.88926     6,758  .183617825   R-squared       =    0.2284
-------------+----------------------------------   Adj R-squared   =    0.2280
       Total |  1608.29609     6,762  .237843255   Root MSE        =    .42851

------------------------------------------------------------------------------
       lwage |      Coef.   Std. Err.      t    P>|t|     [95% Conf. Interval]
-------------+----------------------------------------------------------------
          jc |   .0630514   .0068214     9.24   0.000     .0496792    .0764235
        univ |   .0686405   .0025651    26.76   0.000     .0636121     .073669
       exper |   .0048773   .0001571    31.04   0.000     .0045692    .0051854
      stotal |   .0493766   .0068096     7.25   0.000     .0360277    .0627255
       _cons |   1.495271   .0212176    70.47   0.000     1.453678    1.536864
------------------------------------------------------------------------------

. lincom jc -univ

 ( 1)  jc - univ = 0

------------------------------------------------------------------------------
       lwage |      Coef.   Std. Err.      t    P>|t|     [95% Conf. Interval]
-------------+----------------------------------------------------------------
         (1) |  -.0055892   .0069385    -0.81   0.421    -.0191909    .0080126
------------------------------------------------------------------------------

. reg lwage jc univ exper c.stotal##c.stotal

      Source |       SS           df       MS      Number of obs   =     6,763
-------------+----------------------------------   F(5, 6757)      =    400.17
       Model |  367.436832         5  73.4873664   Prob > F        =    0.0000
    Residual |  1240.85926     6,757  .183640559   R-squared       =    0.2285
-------------+----------------------------------   Adj R-squared   =    0.2279
       Total |  1608.29609     6,762  .237843255   Root MSE        =    .42853

-----------------------------------------------------------------------------------
            lwage |      Coef.   Std. Err.      t    P>|t|     [95% Conf. Interval]
------------------+----------------------------------------------------------------
               jc |   .0632092    .006833     9.25   0.000     .0498143    .0766041
             univ |   .0685131   .0025846    26.51   0.000     .0634466    .0735797
            exper |   .0048776   .0001572    31.04   0.000     .0045695    .0051857
           stotal |   .0501562   .0070778     7.09   0.000     .0362814     .064031
                  |
c.stotal#c.stotal |   .0019191   .0047481     0.40   0.686    -.0073886    .0112268
                  |
            _cons |    1.49399   .0214545    69.64   0.000     1.451932    1.536047
-----------------------------------------------------------------------------------

. reg lwage jc univ exper stotal c.stotal#c.jc c.stotal#c.univ

      Source |       SS           df       MS      Number of obs   =     6,763
-------------+----------------------------------   F(6, 6756)      =    334.24
       Model |  368.126196         6  61.3543661   Prob > F        =    0.0000
    Residual |   1240.1699     6,756  .183565704   R-squared       =    0.2289
-------------+----------------------------------   Adj R-squared   =    0.2282
       Total |  1608.29609     6,762  .237843255   Root MSE        =    .42845

---------------------------------------------------------------------------------
          lwage |      Coef.   Std. Err.      t    P>|t|     [95% Conf. Interval]
----------------+----------------------------------------------------------------
             jc |    .063636   .0068983     9.22   0.000     .0501132    .0771588
           univ |   .0689706   .0027439    25.14   0.000     .0635917    .0743494
          exper |   .0048856   .0001572    31.08   0.000     .0045775    .0051938
         stotal |   .0582108   .0087001     6.69   0.000     .0411559    .0752657
                |
  c.stotal#c.jc |  -.0168818    .009275    -1.82   0.069    -.0350638    .0013001
                |
c.stotal#c.univ |  -.0026652   .0029894    -0.89   0.373    -.0085254     .003195
                |
          _cons |   1.495924   .0212432    70.42   0.000      1.45428    1.537567
---------------------------------------------------------------------------------

. 
. *Question 6[9.C11]
. bcuse murder

Contains data from http://fmwww.bc.edu/ec-p/data/wooldridge/murder.dta
  obs:           153                          
 vars:            13                          3 Dec 2001 18:43
 size:         7,650                          
------------------------------------------------------------------------------------------------------------------------------------------------------------
              storage   display    value
variable name   type    format     label      variable label
------------------------------------------------------------------------------------------------------------------------------------------------------------
id              long    %8.0g      scode      
state           str2    %9s                   
year            float   %9.0g                 
mrdrte          float   %9.0g                 
exec            float   %9.0g                 
unem            float   %9.0g                 
d90             float   %9.0g                 
d93             float   %9.0g                 
cmrdrte         float   %9.0g                 
cexec           float   %9.0g                 
cunem           float   %9.0g                 
cexec_1         float   %9.0g                 
cunem_1         float   %9.0g                 
------------------------------------------------------------------------------------------------------------------------------------------------------------
Sorted by: 

. gen mrdrte_1=mrdrte[_n-1]
(1 missing value generated)

. reg mrdrte exec unem

      Source |       SS           df       MS      Number of obs   =       153
-------------+----------------------------------   F(2, 150)       =      4.98
       Model |  799.796283         2  399.898141   Prob > F        =    0.0081
    Residual |  12045.5418       150  80.3036122   R-squared       =    0.0623
-------------+----------------------------------   Adj R-squared   =    0.0498
       Total |  12845.3381       152  84.5088034   Root MSE        =    8.9612

------------------------------------------------------------------------------
      mrdrte |      Coef.   Std. Err.      t    P>|t|     [95% Conf. Interval]
-------------+----------------------------------------------------------------
        exec |   .1650227   .1938679     0.85   0.396    -.2180419    .5480872
        unem |   1.258905   .4373612     2.88   0.005      .394721     2.12309
       _cons |    .348119    2.68724     0.13   0.897    -4.961612     5.65785
------------------------------------------------------------------------------

. sum exec if year==93

    Variable |        Obs        Mean    Std. Dev.       Min        Max
-------------+---------------------------------------------------------
        exec |         51    1.568627    5.064602          0         34

. gen texas = (id==44)

. reg mrdrte exec unem texas

      Source |       SS           df       MS      Number of obs   =       153
-------------+----------------------------------   F(3, 149)       =      3.31
       Model |  802.091438         3  267.363813   Prob > F        =    0.0219
    Residual |  12043.2467       149  80.8271589   R-squared       =    0.0624
-------------+----------------------------------   Adj R-squared   =    0.0436
       Total |  12845.3381       152  84.5088034   Root MSE        =    8.9904

------------------------------------------------------------------------------
      mrdrte |      Coef.   Std. Err.      t    P>|t|     [95% Conf. Interval]
-------------+----------------------------------------------------------------
        exec |   .2068778   .3154739     0.66   0.513    -.4165027    .8302583
        unem |   1.257202   .4389009     2.86   0.005     .3899285    2.124476
       texas |  -1.440569   8.548828    -0.17   0.866    -18.33316    15.45203
       _cons |   .3351069   2.697091     0.12   0.901     -4.99438    5.664594
------------------------------------------------------------------------------

. reg mrdrte exec unem mrdrte_1

      Source |       SS           df       MS      Number of obs   =       152
-------------+----------------------------------   F(3, 148)       =     40.57
       Model |  5795.63758         3  1931.87919   Prob > F        =    0.0000
    Residual |  7048.17914       148   47.622832   R-squared       =    0.4512
-------------+----------------------------------   Adj R-squared   =    0.4401
       Total |  12843.8167       151  85.0583888   Root MSE        =    6.9009

------------------------------------------------------------------------------
      mrdrte |      Coef.   Std. Err.      t    P>|t|     [95% Conf. Interval]
-------------+----------------------------------------------------------------
        exec |  -.0625173   .1509412    -0.41   0.679    -.3607956     .235761
        unem |   .8617211   .3403617     2.53   0.012     .1891246    1.534318
    mrdrte_1 |   .6370521   .0621978    10.24   0.000     .5141415    .7599627
       _cons |  -2.158837   2.087677    -1.03   0.303    -6.284343    1.966669
------------------------------------------------------------------------------

. drop if id==44
(3 observations deleted)

. reg mrdrte exec unem mrdrte_1

      Source |       SS           df       MS      Number of obs   =       149
-------------+----------------------------------   F(3, 145)       =     39.85
       Model |  5774.84944         3  1924.94981   Prob > F        =    0.0000
    Residual |  7003.33264       145  48.2988458   R-squared       =    0.4519
-------------+----------------------------------   Adj R-squared   =    0.4406
       Total |  12778.1821       148  86.3390681   Root MSE        =    6.9497

------------------------------------------------------------------------------
      mrdrte |      Coef.   Std. Err.      t    P>|t|     [95% Conf. Interval]
-------------+----------------------------------------------------------------
        exec |    -.27446   .3033669    -0.90   0.367    -.8740524    .3251325
        unem |   .8691068   .3439066     2.53   0.013     .1893894    1.548824
    mrdrte_1 |   .6446644   .0634655    10.16   0.000     .5192274    .7701015
       _cons |  -2.140242   2.107492    -1.02   0.312    -6.305614    2.025129
------------------------------------------------------------------------------

. 
. log close
      name:  <unnamed>
       log:  L:\ECOps5.log
  log type:  text
 closed on:   9 Apr 2018, 03:11:44
------------------------------------------------------------------------------------------------------------------------------------------------------------
